<?xml version="1.0" encoding="UTF-8"?>
<testsuite name="path.MoveCalculatorTest" tests="1" skipped="0" failures="0" errors="0" timestamp="2022-05-21T12:59:16" hostname="DESKTOP-LV4HIIH" time="0.001">
  <properties/>
  <testcase name="getMoves()" classname="path.MoveCalculatorTest" time="0.001"/>
  <system-out><![CDATA[]]></system-out>
  <system-err><![CDATA[]]></system-err>
</testsuite>
