<?xml version="1.0" encoding="UTF-8"?>
<testsuite name="path.TargetChooserTest" tests="3" skipped="0" failures="0" errors="0" timestamp="2022-05-21T18:14:41" hostname="DESKTOP-LV4HIIH" time="0.002">
  <properties/>
  <testcase name="chooseTarget_positionsDoesNotHasAllPositionsInDistance_chooseTheClosestNode()" classname="path.TargetChooserTest" time="0.001"/>
  <testcase name="chooseTarget_positionsHasAllPositionsInDistance_chooseTheClosestNode()" classname="path.TargetChooserTest" time="0.001"/>
  <testcase name="chooseTarget_positionsDoesNotHasAllPositionsInDistanceRemoveNode_chooseTheClosestNode()" classname="path.TargetChooserTest" time="0.0"/>
  <system-out><![CDATA[{0 0=0, 0 1=2, 0 2=4, 0 3=6, 2 0=4, 2 1=6, 2 2=8, 2 3=10, 4 0=9, 4 1=11, 4 2=13, 4 3=15, 6 0=16, 6 1=15, 6 2=18, 6 3=19, 1 0=2, 1 1=5002, 1 2=5004, 1 3=5006, 3 0=7, 3 1=9, 3 2=11, 3 3=13, 5 0=12, 5 1=13, 5 2=16, 5 3=17, 7 0=15, 7 1=17, 7 2=20, 7 3=21}
]]></system-out>
  <system-err><![CDATA[]]></system-err>
</testsuite>
