<?xml version="1.0" encoding="UTF-8"?>
<testsuite name="map.MapNodeClassTest" tests="5" skipped="0" failures="0" errors="0" timestamp="2022-05-18T20:57:00" hostname="DESKTOP-LV4HIIH" time="0.003">
  <properties/>
  <testcase name="constructor_placeTreasureOnMountain_throwPlacedOnWrongFieldException()" classname="map.MapNodeClassTest" time="0.0"/>
  <testcase name="equals_checkTwoEqualNodes_returnFalse()" classname="map.MapNodeClassTest" time="0.0"/>
  <testcase name="constructor_placeMyPlayerOnWater_throwPlacedOnWrongFieldException()" classname="map.MapNodeClassTest" time="0.001"/>
  <testcase name="equals_checkTwoEqualNodes_returnTrue()" classname="map.MapNodeClassTest" time="0.0"/>
  <testcase name="constructor_placeFortOnWater_throwPlacedOnWrongFieldException()" classname="map.MapNodeClassTest" time="0.0"/>
  <system-out><![CDATA[]]></system-out>
  <system-err><![CDATA[]]></system-err>
</testsuite>
