<?xml version="1.0" encoding="UTF-8"?>
<testsuite name="data.GameStateClassTest" tests="3" skipped="0" failures="0" errors="0" timestamp="2022-05-21T21:44:15" hostname="DESKTOP-LV4HIIH" time="0.002">
  <properties/>
  <testcase name="setPlayers()" classname="data.GameStateClassTest" time="0.0"/>
  <testcase name="getPlayerWithID()" classname="data.GameStateClassTest" time="0.0"/>
  <testcase name="setMapClass()" classname="data.GameStateClassTest" time="0.001"/>
  <system-out><![CDATA[]]></system-out>
  <system-err><![CDATA[]]></system-err>
</testsuite>
