<?xml version="1.0" encoding="UTF-8"?>
<testsuite name="controller.ControllerTest" tests="12" skipped="0" failures="0" errors="0" timestamp="2022-05-21T12:59:14" hostname="DESKTOP-LV4HIIH" time="0.965">
  <properties/>
  <testcase name="updateGameState()" classname="controller.ControllerTest" time="0.954"/>
  <testcase name="playerWon()" classname="controller.ControllerTest" time="0.001"/>
  <testcase name="findEnemyFort()" classname="controller.ControllerTest" time="0.001"/>
  <testcase name="registerPlayer()" classname="controller.ControllerTest" time="0.001"/>
  <testcase name="bothPlayersRegistered()" classname="controller.ControllerTest" time="0.0"/>
  <testcase name="checkBothHalfMapsSent()" classname="controller.ControllerTest" time="0.0"/>
  <testcase name="sendHalfMap()" classname="controller.ControllerTest" time="0.001"/>
  <testcase name="gameEnded()" classname="controller.ControllerTest" time="0.001"/>
  <testcase name="mustAct()" classname="controller.ControllerTest" time="0.0"/>
  <testcase name="findTreasure()" classname="controller.ControllerTest" time="0.001"/>
  <testcase name="setUpAI()" classname="controller.ControllerTest" time="0.001"/>
  <testcase name="playerLost()" classname="controller.ControllerTest" time="0.0"/>
  <system-out><![CDATA[]]></system-out>
  <system-err><![CDATA[]]></system-err>
</testsuite>
