<?xml version="1.0" encoding="UTF-8"?>
<testsuite name="map.HalfMapValidatorTest" tests="10" skipped="0" failures="0" errors="0" timestamp="2022-05-21T21:44:15" hostname="DESKTOP-LV4HIIH" time="0.022">
  <properties/>
  <testcase name="mapIsValid_notEnoughMountainFields_returnFalse()" classname="map.HalfMapValidatorTest" time="0.005"/>
  <testcase name="mapIsValid_validMap_returnTrue()" classname="map.HalfMapValidatorTest" time="0.005"/>
  <testcase name="mapIsValid_exceededWaterFieldLongSide_returnFalse()" classname="map.HalfMapValidatorTest" time="0.004"/>
  <testcase name="mapIsValid_islandExists_returnFalse_1()" classname="map.HalfMapValidatorTest" time="0.001"/>
  <testcase name="mapIsValid_islandExists_returnFalse_2()" classname="map.HalfMapValidatorTest" time="0.0"/>
  <testcase name="mapIsValid_islandExists_returnFalse_3()" classname="map.HalfMapValidatorTest" time="0.0"/>
  <testcase name="mapIsValid_islandExists_returnFalse_4()" classname="map.HalfMapValidatorTest" time="0.0"/>
  <testcase name="mapIsValid_exceededWaterFieldShortSide_returnFalse()" classname="map.HalfMapValidatorTest" time="0.0"/>
  <testcase name="mapIsValid_notEnoughWaterFields_returnFalse()" classname="map.HalfMapValidatorTest" time="0.0"/>
  <testcase name="mapIsValid_wrongSize_returnTrue()" classname="map.HalfMapValidatorTest" time="0.001"/>
  <system-out><![CDATA[23:44:15.555 [Test worker] WARN  map.HalfMapValidator - The number of mountain fields is 2
23:44:15.556 [Test worker] WARN  map.HalfMapValidator - It should be at least 3
23:44:15.561 [Test worker] WARN  map.HalfMapValidator - There is no island
23:44:15.565 [Test worker] WARN  map.HalfMapValidator - Too many water fields 4 on side 0
23:44:15.568 [Test worker] WARN  map.HalfMapValidator - The number of mountain fields is 2
23:44:15.568 [Test worker] WARN  map.HalfMapValidator - It should be at least 3
23:44:15.571 [Test worker] WARN  map.HalfMapValidator - Too many water fields 2 on side 0
23:44:15.572 [Test worker] WARN  map.HalfMapValidator - The number of water fields is 3
23:44:15.572 [Test worker] WARN  map.HalfMapValidator - It should be at least 4
23:44:15.573 [Test worker] WARN  map.HalfMapValidator - Width is 6
23:44:15.573 [Test worker] WARN  map.HalfMapValidator - should be 8
]]></system-out>
  <system-err><![CDATA[]]></system-err>
</testsuite>
