<?xml version="1.0" encoding="UTF-8"?>
<testsuite name="controller.ControllerTest" tests="7" skipped="0" failures="0" errors="0" timestamp="2022-05-21T21:44:14" hostname="DESKTOP-LV4HIIH" time="0.917">
  <properties/>
  <testcase name="treasureCollected_notCollected_returnFalse()" classname="controller.ControllerTest" time="0.893"/>
  <testcase name="registerPlayer_invalidUaccount_throwWrongIdentificationDetails()" classname="controller.ControllerTest" time="0.003"/>
  <testcase name="gameEnded_playerLost_returnTrue()" classname="controller.ControllerTest" time="0.001"/>
  <testcase name="checkBothHalfMapsSent_notBothSent_returnFalse()" classname="controller.ControllerTest" time="0.004"/>
  <testcase name="checkBothHalfMapsSent_bothSent_returnTrue()" classname="controller.ControllerTest" time="0.002"/>
  <testcase name="gameEnded_playerWon_returnTrue()" classname="controller.ControllerTest" time="0.002"/>
  <testcase name="treasureCollected_collected_returnTrue()" classname="controller.ControllerTest" time="0.009"/>
  <system-out><![CDATA[23:44:15.540 [Test worker] DEBUG controller.Controller - Treasure found
]]></system-out>
  <system-err><![CDATA[]]></system-err>
</testsuite>
