<?xml version="1.0" encoding="UTF-8"?>
<testsuite name="path.ShortestPathCalculatorTest" tests="6" skipped="0" failures="0" errors="0" timestamp="2022-05-20T22:48:10" hostname="DESKTOP-LV4HIIH" time="0.013">
  <properties/>
  <testcase name="[1] x=5, y=3" classname="path.ShortestPathCalculatorTest" time="0.003"/>
  <testcase name="[2] x=3, y=3" classname="path.ShortestPathCalculatorTest" time="0.0"/>
  <testcase name="getShortestPath_givenPreviousMap_returnShortestPath_1()" classname="path.ShortestPathCalculatorTest" time="0.001"/>
  <testcase name="getShortestPath_givenPreviousMap_returnShortestPath_2()" classname="path.ShortestPathCalculatorTest" time="0.0"/>
  <testcase name="[1] x=5, y=3" classname="path.ShortestPathCalculatorTest" time="0.001"/>
  <testcase name="[2] x=0, y=3" classname="path.ShortestPathCalculatorTest" time="0.001"/>
  <system-out><![CDATA[]]></system-out>
  <system-err><![CDATA[]]></system-err>
</testsuite>
