<?xml version="1.0" encoding="UTF-8"?>
<testsuite name="server.rules.RMapHasTooManyWaterOnSidesTest" tests="2" skipped="0" failures="0" errors="0" timestamp="2022-06-25T11:51:29" hostname="DESKTOP-LV4HIIH" time="0.008">
  <properties/>
  <testcase name="validateHalfMap_waterFieldsOnLongSideEqualTo4_throwWaterFieldsOnSidesExceededException()" classname="server.rules.RMapHasTooManyWaterOnSidesTest" time="0.002"/>
  <testcase name="validateHalfMap_waterFieldsOnShortSideEqualTo2_throwWaterFieldsOnSidesExceededException()" classname="server.rules.RMapHasTooManyWaterOnSidesTest" time="0.006"/>
  <system-out><![CDATA[[HMN [FP=false, T=Mountain, X=6, Y=2], HMN [FP=false, T=Water, X=4, Y=1], HMN [FP=false, T=Mountain, X=2, Y=1], HMN [FP=false, T=Grass, X=1, Y=2], HMN [FP=false, T=Grass, X=1, Y=3], HMN [FP=false, T=Grass, X=7, Y=2], HMN [FP=false, T=Grass, X=7, Y=3], HMN [FP=false, T=Grass, X=7, Y=0], HMN [FP=false, T=Grass, X=5, Y=0], HMN [FP=false, T=Grass, X=7, Y=1], HMN [FP=false, T=Grass, X=3, Y=0], HMN [FP=false, T=Grass, X=1, Y=0], HMN [FP=false, T=Grass, X=1, Y=1], HMN [FP=false, T=Grass, X=3, Y=2], HMN [FP=false, T=Grass, X=5, Y=3], HMN [FP=false, T=Water, X=5, Y=1], HMN [FP=false, T=Water, X=3, Y=1], HMN [FP=false, T=Mountain, X=5, Y=2], HMN [FP=false, T=Mountain, X=3, Y=3], HMN [FP=false, T=Grass, X=6, Y=1], HMN [FP=false, T=Water, X=0, Y=2], HMN [FP=false, T=Water, X=0, Y=1], HMN [FP=false, T=Mountain, X=2, Y=3], HMN [FP=true, T=Grass, X=0, Y=0], HMN [FP=false, T=Grass, X=4, Y=0], HMN [FP=false, T=Grass, X=6, Y=0], HMN [FP=false, T=Grass, X=4, Y=2], HMN [FP=false, T=Grass, X=2, Y=0], HMN [FP=false, T=Grass, X=0, Y=3], HMN [FP=false, T=Grass, X=6, Y=3], HMN [FP=false, T=Grass, X=2, Y=2], HMN [FP=false, T=Grass, X=4, Y=3]]
x check 0
on short side is 2
]]></system-out>
  <system-err><![CDATA[]]></system-err>
</testsuite>
