<?xml version="1.0" encoding="UTF-8"?>
<testsuite name="server.game.GameClassTest" tests="1" skipped="0" failures="0" errors="0" timestamp="2022-06-07T12:57:49" hostname="DESKTOP-LV4HIIH" time="0.706">
  <properties/>
  <testcase name="setFullMap_fullMapAlreadySet_throwException()" classname="server.game.GameClassTest" time="0.706"/>
  <system-out><![CDATA[]]></system-out>
  <system-err><![CDATA[]]></system-err>
</testsuite>
