<?xml version="1.0" encoding="UTF-8"?>
<testsuite name="server.map.MapManagerTest" tests="1" skipped="0" failures="0" errors="0" timestamp="2022-06-12T16:28:47" hostname="DESKTOP-LV4HIIH" time="0.003">
  <properties/>
  <testcase name="fullMapComplete_twoHalfMapsSet_returnTrue()" classname="server.map.MapManagerTest" time="0.003"/>
  <system-out><![CDATA[]]></system-out>
  <system-err><![CDATA[]]></system-err>
</testsuite>
