<?xml version="1.0" encoding="UTF-8"?>
<testsuite name="server.game.GameManagerTest" tests="1" skipped="0" failures="0" errors="0" timestamp="2022-06-07T00:09:26" hostname="DESKTOP-LV4HIIH" time="0.017">
  <properties/>
  <testcase name="addGame_gameAlreadyExists_throwGameAlreadyExistsException()" classname="server.game.GameManagerTest" time="0.017"/>
  <system-out><![CDATA[]]></system-out>
  <system-err><![CDATA[]]></system-err>
</testsuite>
