<?xml version="1.0" encoding="UTF-8"?>
<testsuite name="server.rules.RHalfMapHasCorrectSizeTest" tests="5" skipped="0" failures="0" errors="0" timestamp="2022-06-25T11:51:29" hostname="DESKTOP-LV4HIIH" time="0.08">
  <properties/>
  <testcase name="validateHalfMap_wrongSize_throwMapWrongSizeException()" classname="server.rules.RHalfMapHasCorrectSizeTest" time="0.069"/>
  <testcase name="validateHalfMap_highestYValueOfNode4_throwMapWrongSizeException()" classname="server.rules.RHalfMapHasCorrectSizeTest" time="0.003"/>
  <testcase name="validateHalfMap_highestYValueOfNode2_throwMapWrongSizeException()" classname="server.rules.RHalfMapHasCorrectSizeTest" time="0.002"/>
  <testcase name="validateHalfMap_highestXValueOfNode8_throwMapWrongSizeException()" classname="server.rules.RHalfMapHasCorrectSizeTest" time="0.001"/>
  <testcase name="validateHalfMap_highestXValueOfNode6_throwMapWrongSizeException()" classname="server.rules.RHalfMapHasCorrectSizeTest" time="0.002"/>
  <system-out><![CDATA[13:51:29.227 [Test worker] DEBUG server.rules.RMapHasCorrectSize - minY=0
13:51:29.235 [Test worker] DEBUG server.rules.RMapHasCorrectSize - maxY=3
13:51:29.235 [Test worker] DEBUG server.rules.RMapHasCorrectSize - minX=0
13:51:29.235 [Test worker] DEBUG server.rules.RMapHasCorrectSize - maxX=6
13:51:29.235 [Test worker] DEBUG server.rules.RMapHasCorrectSize - There are 28 nodes
13:51:29.243 [Test worker] DEBUG server.rules.RMapHasCorrectSize - minY=1
13:51:29.243 [Test worker] DEBUG server.rules.RMapHasCorrectSize - maxY=4
13:51:29.243 [Test worker] DEBUG server.rules.RMapHasCorrectSize - minX=0
13:51:29.243 [Test worker] DEBUG server.rules.RMapHasCorrectSize - maxX=6
13:51:29.243 [Test worker] DEBUG server.rules.RMapHasCorrectSize - There are 28 nodes
13:51:29.243 [Test worker] DEBUG server.rules.RMapHasCorrectSize - minY=0
13:51:29.243 [Test worker] DEBUG server.rules.RMapHasCorrectSize - maxY=2
13:51:29.243 [Test worker] DEBUG server.rules.RMapHasCorrectSize - minX=0
13:51:29.243 [Test worker] DEBUG server.rules.RMapHasCorrectSize - maxX=7
13:51:29.243 [Test worker] DEBUG server.rules.RMapHasCorrectSize - There are 24 nodes
13:51:29.251 [Test worker] DEBUG server.rules.RMapHasCorrectSize - minY=0
13:51:29.251 [Test worker] DEBUG server.rules.RMapHasCorrectSize - maxY=3
13:51:29.251 [Test worker] DEBUG server.rules.RMapHasCorrectSize - minX=1
13:51:29.251 [Test worker] DEBUG server.rules.RMapHasCorrectSize - maxX=8
13:51:29.251 [Test worker] DEBUG server.rules.RMapHasCorrectSize - There are 32 nodes
13:51:29.251 [Test worker] DEBUG server.rules.RMapHasCorrectSize - minY=0
13:51:29.251 [Test worker] DEBUG server.rules.RMapHasCorrectSize - maxY=3
13:51:29.251 [Test worker] DEBUG server.rules.RMapHasCorrectSize - minX=0
13:51:29.251 [Test worker] DEBUG server.rules.RMapHasCorrectSize - maxX=6
13:51:29.251 [Test worker] DEBUG server.rules.RMapHasCorrectSize - There are 28 nodes
]]></system-out>
  <system-err><![CDATA[]]></system-err>
</testsuite>
