<?xml version="1.0" encoding="UTF-8"?>
<testsuite name="server.rules.RMapHasOneFortTest" tests="2" skipped="0" failures="0" errors="0" timestamp="2022-06-25T11:51:29" hostname="DESKTOP-LV4HIIH" time="0.007">
  <properties/>
  <testcase name="validateHalfMap_halfMapHasMoreThanOneFort_throwWrongFortNumberException()" classname="server.rules.RMapHasOneFortTest" time="0.005"/>
  <testcase name="validateHalfMap_halfMapHasNoFort_throwWrongFortNumberException()" classname="server.rules.RMapHasOneFortTest" time="0.001"/>
  <system-out><![CDATA[13:51:29.267 [Test worker] DEBUG server.rules.RMapHasOneFort - There number of fortresses is 0
13:51:29.275 [Test worker] DEBUG server.rules.RMapHasOneFort - There number of fortresses is 0
]]></system-out>
  <system-err><![CDATA[]]></system-err>
</testsuite>
