<?xml version="1.0" encoding="UTF-8"?>
<testsuite name="server.rules.RHalfMapHasCorrectSizeTest" tests="5" skipped="0" failures="0" errors="0" timestamp="2022-06-24T18:36:54" hostname="DESKTOP-LV4HIIH" time="0.069">
  <properties/>
  <testcase name="validateHalfMap_wrongSize_throwMapWrongSizeException()" classname="server.rules.RHalfMapHasCorrectSizeTest" time="0.06"/>
  <testcase name="validateHalfMap_highestYValueOfNode4_throwMapWrongSizeException()" classname="server.rules.RHalfMapHasCorrectSizeTest" time="0.003"/>
  <testcase name="validateHalfMap_highestYValueOfNode2_throwMapWrongSizeException()" classname="server.rules.RHalfMapHasCorrectSizeTest" time="0.002"/>
  <testcase name="validateHalfMap_highestXValueOfNode8_throwMapWrongSizeException()" classname="server.rules.RHalfMapHasCorrectSizeTest" time="0.002"/>
  <testcase name="validateHalfMap_highestXValueOfNode6_throwMapWrongSizeException()" classname="server.rules.RHalfMapHasCorrectSizeTest" time="0.002"/>
  <system-out><![CDATA[20:36:54.104 [Test worker] DEBUG server.rules.RHalfMapHasCorrectSize - minY=0
20:36:54.107 [Test worker] DEBUG server.rules.RHalfMapHasCorrectSize - maxY=3
20:36:54.108 [Test worker] DEBUG server.rules.RHalfMapHasCorrectSize - minX=0
20:36:54.108 [Test worker] DEBUG server.rules.RHalfMapHasCorrectSize - maxX=6
max x 6
20:36:54.118 [Test worker] DEBUG server.rules.RHalfMapHasCorrectSize - minY=1
20:36:54.118 [Test worker] DEBUG server.rules.RHalfMapHasCorrectSize - maxY=4
20:36:54.119 [Test worker] DEBUG server.rules.RHalfMapHasCorrectSize - minX=0
20:36:54.119 [Test worker] DEBUG server.rules.RHalfMapHasCorrectSize - maxX=6
max x 6
20:36:54.121 [Test worker] DEBUG server.rules.RHalfMapHasCorrectSize - minY=0
20:36:54.121 [Test worker] DEBUG server.rules.RHalfMapHasCorrectSize - maxY=2
20:36:54.121 [Test worker] DEBUG server.rules.RHalfMapHasCorrectSize - minX=0
20:36:54.121 [Test worker] DEBUG server.rules.RHalfMapHasCorrectSize - maxX=7
max x 7
20:36:54.123 [Test worker] DEBUG server.rules.RHalfMapHasCorrectSize - minY=0
20:36:54.123 [Test worker] DEBUG server.rules.RHalfMapHasCorrectSize - maxY=3
20:36:54.123 [Test worker] DEBUG server.rules.RHalfMapHasCorrectSize - minX=1
20:36:54.123 [Test worker] DEBUG server.rules.RHalfMapHasCorrectSize - maxX=8
max x 8
20:36:54.125 [Test worker] DEBUG server.rules.RHalfMapHasCorrectSize - minY=0
20:36:54.125 [Test worker] DEBUG server.rules.RHalfMapHasCorrectSize - maxY=3
20:36:54.125 [Test worker] DEBUG server.rules.RHalfMapHasCorrectSize - minX=0
20:36:54.126 [Test worker] DEBUG server.rules.RHalfMapHasCorrectSize - maxX=6
max x 6
]]></system-out>
  <system-err><![CDATA[]]></system-err>
</testsuite>
