<?xml version="1.0" encoding="UTF-8"?>
<testsuite name="server.player.PlayerTest" tests="1" skipped="0" failures="0" errors="0" timestamp="2022-06-12T17:19:21" hostname="DESKTOP-LV4HIIH" time="0.0">
  <properties/>
  <testcase name="getPlayerID_playerWithCertainID_returnsTheRightID()" classname="server.player.PlayerTest" time="0.0"/>
  <system-out><![CDATA[]]></system-out>
  <system-err><![CDATA[]]></system-err>
</testsuite>
