<?xml version="1.0" encoding="UTF-8"?>
<testsuite name="server.uniqueID.GameIDTest" tests="3" skipped="0" failures="0" errors="0" timestamp="2022-06-12T17:19:21" hostname="DESKTOP-LV4HIIH" time="0.072">
  <properties/>
  <testcase name="equals_equalIDs_equalsReturnTrue()" classname="server.uniqueID.GameIDTest" time="0.0"/>
  <testcase name="[1] id=id1y" classname="server.uniqueID.GameIDTest" time="0.029"/>
  <testcase name="[2] id=id34c8" classname="server.uniqueID.GameIDTest" time="0.0"/>
  <system-out><![CDATA[]]></system-out>
  <system-err><![CDATA[]]></system-err>
</testsuite>
