<?xml version="1.0" encoding="UTF-8"?>
<testsuite name="server.game.GameManagerTest" tests="3" skipped="0" failures="0" errors="0" timestamp="2022-06-07T12:34:53" hostname="DESKTOP-LV4HIIH" time="0.011">
  <properties/>
  <testcase name="addPlayerToGame_gameExists_noException()" classname="server.game.GameManagerTest" time="0.005"/>
  <testcase name="addPlayerToGame_gameDoesNotExist_throwsNoSuchGameException()" classname="server.game.GameManagerTest" time="0.002"/>
  <testcase name="addGame_gameAlreadyExists_throwGameAlreadyExistsException()" classname="server.game.GameManagerTest" time="0.003"/>
  <system-out><![CDATA[]]></system-out>
  <system-err><![CDATA[]]></system-err>
</testsuite>
