<?xml version="1.0" encoding="UTF-8"?>
<testsuite name="server.game.GameIDGeneratorTest" tests="11" skipped="0" failures="0" errors="0" timestamp="2022-06-07T00:34:40" hostname="DESKTOP-LV4HIIH" time="0.018">
  <properties/>
  <testcase name="generateID_checkIDlength_lengthEqual5()" classname="server.game.GameIDGeneratorTest" time="0.001"/>
  <testcase name="repetition 1 of 10" classname="server.game.GameIDGeneratorTest" time="0.002"/>
  <testcase name="repetition 2 of 10" classname="server.game.GameIDGeneratorTest" time="0.001"/>
  <testcase name="repetition 3 of 10" classname="server.game.GameIDGeneratorTest" time="0.001"/>
  <testcase name="repetition 4 of 10" classname="server.game.GameIDGeneratorTest" time="0.0"/>
  <testcase name="repetition 5 of 10" classname="server.game.GameIDGeneratorTest" time="0.0"/>
  <testcase name="repetition 6 of 10" classname="server.game.GameIDGeneratorTest" time="0.0"/>
  <testcase name="repetition 7 of 10" classname="server.game.GameIDGeneratorTest" time="0.001"/>
  <testcase name="repetition 8 of 10" classname="server.game.GameIDGeneratorTest" time="0.001"/>
  <testcase name="repetition 9 of 10" classname="server.game.GameIDGeneratorTest" time="0.001"/>
  <testcase name="repetition 10 of 10" classname="server.game.GameIDGeneratorTest" time="0.0"/>
  <system-out><![CDATA[]]></system-out>
  <system-err><![CDATA[]]></system-err>
</testsuite>
