<?xml version="1.0" encoding="UTF-8"?>
<testsuite name="server.game.GameIDTest" tests="3" skipped="0" failures="0" errors="0" timestamp="2022-06-07T00:34:40" hostname="DESKTOP-LV4HIIH" time="0.05">
  <properties/>
  <testcase name="equals_equalIDs_equalsReturnTrue()" classname="server.game.GameIDTest" time="0.0"/>
  <testcase name="[1] id=id1y" classname="server.game.GameIDTest" time="0.016"/>
  <testcase name="[2] id=id34c8" classname="server.game.GameIDTest" time="0.001"/>
  <system-out><![CDATA[]]></system-out>
  <system-err><![CDATA[]]></system-err>
</testsuite>
