<?xml version="1.0" encoding="UTF-8"?>
<testsuite name="server.map.MapManagerTest" tests="1" skipped="0" failures="0" errors="0" timestamp="2022-06-12T17:19:21" hostname="DESKTOP-LV4HIIH" time="0.002">
  <properties/>
  <testcase name="fullMapComplete_twoHalfMapsSet_returnTrue()" classname="server.map.MapManagerTest" time="0.002"/>
  <system-out><![CDATA[]]></system-out>
  <system-err><![CDATA[]]></system-err>
</testsuite>
